<?xml version="1.0" encoding="UTF-8"?>
<testsuite xmlns:xsi="http://www.w3.org/2001/XMLSchema-instance" xsi:noNamespaceSchemaLocation="https://maven.apache.org/surefire/maven-surefire-plugin/xsd/surefire-test-report.xsd" name="com.lab.ShippingCalculatorTest" time="0.025" tests="3" errors="0" skipped="0" failures="0">
  <properties>
[...]
</properties>
  <testcase name="testExpress" classname="com.lab.ShippingCalculatorTest" time="0.015"/>
  <testcase name="testInvalidWeight" classname="com.lab.ShippingCalculatorTest" time="0.001"/>
  <testcase name="testStandard" classname="com.lab.ShippingCalculatorTest" time="0.001"/>
</testsuite>